TN:
SF:/Users/Buzz/Workspace/camp2_exercises/06_react_redux/01_es6_fundamentals/01_aquarium/01_aquarium.js
FN:2,(anonymous_0)
FN:6,(anonymous_1)
FN:9,(anonymous_2)
FN:13,(anonymous_3)
FN:17,(anonymous_4)
FN:21,(anonymous_5)
FN:30,(anonymous_6)
FN:37,(anonymous_7)
FNF:8
FNH:8
FNDA:4,(anonymous_0)
FNDA:1,(anonymous_1)
FNDA:1,(anonymous_2)
FNDA:1,(anonymous_3)
FNDA:1,(anonymous_4)
FNDA:1,(anonymous_5)
FNDA:5,(anonymous_6)
FNDA:3,(anonymous_7)
DA:3,4
DA:4,4
DA:7,1
DA:10,1
DA:14,1
DA:18,1
DA:22,1
DA:23,1
DA:24,1
DA:25,1
DA:31,5
DA:32,5
DA:33,5
DA:38,3
DA:42,1
LF:15
LH:15
BRF:0
BRH:0
end_of_record
